TN:
SF:src\app.js
FN:123,(anonymous_0)
FN:129,(anonymous_1)
FN:150,(anonymous_2)
FNF:3
FNH:1
FNDA:0,(anonymous_0)
FNDA:1,(anonymous_1)
FNDA:0,(anonymous_2)
DA:2,5
DA:12,5
DA:44,5
DA:47,5
DA:48,5
DA:49,5
DA:52,5
DA:53,5
DA:54,5
DA:55,5
DA:58,5
DA:59,5
DA:60,5
DA:61,5
DA:64,5
DA:65,5
DA:67,5
DA:68,5
DA:74,5
DA:75,5
DA:76,5
DA:88,0
DA:89,0
DA:107,5
DA:110,5
DA:111,5
DA:114,5
DA:115,0
DA:119,5
DA:121,5
DA:123,0
DA:124,0
DA:129,5
DA:130,1
DA:134,5
DA:135,5
DA:136,5
DA:137,5
DA:138,5
DA:141,5
DA:142,5
DA:143,5
DA:144,5
DA:147,5
DA:150,5
DA:151,0
DA:155,5
LF:47
LH:41
BRDA:65,0,0,5
BRDA:65,0,1,0
BRDA:67,1,0,5
BRDA:67,1,1,0
BRDA:68,2,0,0
BRDA:68,2,1,5
BRDA:69,3,0,0
BRDA:69,3,1,0
BRDA:70,4,0,5
BRDA:70,4,1,0
BRDA:74,5,0,5
BRDA:74,5,1,0
BRDA:77,6,0,5
BRDA:77,6,1,0
BRDA:95,7,0,0
BRDA:95,7,1,0
BRDA:114,8,0,0
BRDA:114,8,1,5
BRDA:119,9,0,5
BRDA:119,9,1,0
BRF:20
BRH:8
end_of_record
TN:
SF:src\Middlewares\audit.middleware.js
FN:4,(anonymous_0)
FNF:1
FNH:1
FNDA:48,(anonymous_0)
DA:4,5
DA:5,48
DA:8,48
DA:9,48
DA:11,48
DA:12,0
DA:14,48
LF:7
LH:6
BRDA:11,0,0,0
BRDA:11,0,1,48
BRDA:11,1,0,48
BRDA:11,1,1,48
BRF:4
BRH:3
end_of_record
TN:
SF:src\Middlewares\cache.middleware.js
FN:2,(anonymous_0)
FNF:1
FNH:1
FNDA:48,(anonymous_0)
DA:2,5
DA:3,48
DA:7,48
DA:8,48
DA:9,48
LF:5
LH:5
BRF:0
BRH:0
end_of_record
TN:
SF:src\Middlewares\captcha.middleware.js
FN:5,verifyCaptcha
FNF:1
FNH:1
FNDA:25,verifyCaptcha
DA:6,25
DA:8,25
DA:13,25
DA:14,25
DA:17,0
DA:18,0
DA:20,0
DA:21,0
DA:24,0
DA:28,0
DA:29,0
DA:30,0
DA:32,0
DA:33,0
DA:36,0
DA:38,0
DA:39,0
LF:17
LH:4
BRDA:8,0,0,25
BRDA:8,0,1,25
BRDA:8,0,2,25
BRDA:8,0,3,25
BRDA:13,1,0,25
BRDA:13,1,1,0
BRDA:18,2,0,0
BRDA:18,2,1,0
BRDA:20,3,0,0
BRDA:20,3,1,0
BRDA:24,4,0,0
BRDA:24,4,1,0
BRDA:32,5,0,0
BRDA:32,5,1,0
BRF:14
BRH:5
end_of_record
TN:
SF:src\Middlewares\check.role.js
FN:3,(anonymous_0)
FN:4,(anonymous_1)
FNF:2
FNH:1
FNDA:75,(anonymous_0)
FNDA:0,(anonymous_1)
DA:3,5
DA:4,75
DA:5,0
DA:6,0
DA:7,0
DA:8,0
DA:9,0
DA:10,0
DA:12,0
LF:9
LH:2
BRDA:3,0,0,0
BRDA:6,1,0,0
BRDA:6,1,1,0
BRDA:8,2,0,0
BRDA:8,2,1,0
BRF:5
BRH:0
end_of_record
TN:
SF:src\Middlewares\csp.middleware.js
FN:3,(anonymous_0)
FNF:1
FNH:1
FNDA:48,(anonymous_0)
DA:3,5
DA:4,48
DA:6,47
LF:3
LH:3
BRDA:4,0,0,1
BRDA:4,0,1,47
BRF:2
BRH:2
end_of_record
TN:
SF:src\Middlewares\csrf.middleware.js
FNF:0
FNH:0
DA:3,5
LF:1
LH:1
BRF:0
BRH:0
end_of_record
TN:
SF:src\Middlewares\error.handler.js
FN:2,(anonymous_0)
FNF:1
FNH:0
FNDA:0,(anonymous_0)
DA:2,5
DA:3,0
DA:4,0
DA:6,0
DA:7,0
DA:9,0
DA:12,0
LF:7
LH:1
BRDA:3,0,0,0
BRDA:3,0,1,0
BRDA:4,1,0,0
BRDA:4,1,1,0
BRDA:6,2,0,0
BRDA:6,2,1,0
BRDA:15,3,0,0
BRDA:15,3,1,0
BRF:8
BRH:0
end_of_record
TN:
SF:src\Middlewares\https.middleware.js
FN:5,createHttpsServer
FNF:1
FNH:0
FNDA:0,createHttpsServer
DA:6,0
DA:8,0
DA:9,0
DA:10,0
DA:13,0
DA:14,0
DA:15,0
DA:18,0
DA:23,0
DA:24,0
LF:10
LH:0
BRDA:8,0,0,0
BRDA:8,0,1,0
BRDA:8,1,0,0
BRDA:8,1,1,0
BRDA:13,2,0,0
BRDA:13,2,1,0
BRDA:13,3,0,0
BRDA:13,3,1,0
BRF:8
BRH:0
end_of_record
TN:
SF:src\Middlewares\logger.middleware.js
FN:3,(anonymous_0)
FN:9,(anonymous_1)
FN:12,(anonymous_2)
FNF:3
FNH:3
FNDA:48,(anonymous_0)
FNDA:48,(anonymous_1)
FNDA:48,(anonymous_2)
DA:3,5
DA:4,48
DA:5,48
DA:9,5
DA:10,48
DA:12,48
DA:13,48
DA:14,48
DA:19,48
LF:9
LH:9
BRF:0
BRH:0
end_of_record
TN:
SF:src\Middlewares\passport.call.js
FN:3,(anonymous_0)
FN:4,(anonymous_1)
FN:5,(anonymous_2)
FNF:3
FNH:3
FNDA:95,(anonymous_0)
FNDA:18,(anonymous_1)
FNDA:18,(anonymous_2)
DA:3,5
DA:4,95
DA:5,18
DA:6,18
DA:8,18
DA:9,18
DA:15,0
DA:16,0
LF:8
LH:6
BRDA:3,0,0,0
BRDA:6,1,0,0
BRDA:6,1,1,18
BRDA:8,2,0,18
BRDA:8,2,1,0
BRDA:11,3,0,18
BRDA:11,3,1,18
BRF:7
BRH:4
end_of_record
TN:
SF:src\Middlewares\passport.js
FN:7,(anonymous_0)
FN:18,(anonymous_1)
FNF:2
FNH:0
FNDA:0,(anonymous_0)
FNDA:0,(anonymous_1)
DA:7,0
DA:8,0
DA:12,0
DA:18,0
DA:19,0
DA:20,0
DA:21,0
DA:23,0
DA:24,0
DA:26,0
DA:28,0
DA:32,0
LF:12
LH:0
BRDA:20,0,0,0
BRDA:20,0,1,0
BRDA:24,1,0,0
BRDA:24,1,1,0
BRF:4
BRH:0
end_of_record
TN:
SF:src\Middlewares\password.policy.js
FN:8,enforceStrongPassword
FNF:1
FNH:0
FNDA:0,enforceStrongPassword
DA:9,0
DA:10,0
DA:11,0
DA:12,0
DA:13,0
DA:14,0
DA:15,0
DA:16,0
DA:17,0
DA:19,0
LF:10
LH:0
BRDA:9,0,0,0
BRDA:9,0,1,0
BRDA:10,1,0,0
BRDA:10,1,1,0
BRDA:11,2,0,0
BRDA:11,2,1,0
BRDA:12,3,0,0
BRDA:12,3,1,0
BRDA:14,4,0,0
BRDA:14,4,1,0
BRF:10
BRH:0
end_of_record
TN:
SF:src\Middlewares\rate.middleware.js
FN:34,(anonymous_0)
FNF:1
FNH:0
FNDA:0,(anonymous_0)
DA:8,5
DA:9,5
DA:10,5
DA:11,5
DA:12,5
DA:17,5
DA:31,5
DA:34,0
DA:41,5
DA:51,5
LF:10
LH:9
BRDA:8,0,0,5
BRDA:8,0,1,0
BRDA:9,1,0,5
BRDA:9,1,1,0
BRDA:10,2,0,5
BRDA:10,2,1,5
BRDA:11,3,0,5
BRDA:11,3,1,0
BRDA:12,4,0,5
BRDA:12,4,1,0
BRF:10
BRH:6
end_of_record
TN:
SF:src\Middlewares\security.middleware.js
FN:10,applySecurity
FN:74,(anonymous_1)
FNF:2
FNH:2
FNDA:5,applySecurity
FNDA:48,(anonymous_1)
DA:12,5
DA:15,5
DA:18,5
DA:19,5
DA:30,5
DA:31,5
DA:46,5
DA:63,5
DA:74,5
DA:77,48
DA:78,48
DA:79,48
DA:83,5
DA:86,5
DA:89,5
DA:92,5
LF:16
LH:16
BRDA:18,0,0,5
BRDA:18,0,1,0
BRDA:33,1,0,0
BRDA:33,1,1,5
BRDA:77,2,0,48
BRDA:77,2,1,7
BRDA:78,3,0,0
BRDA:78,3,1,48
BRF:8
BRH:5
end_of_record
TN:
SF:src\Middlewares\token.revocation.js
FN:13,(anonymous_0)
FN:17,revokeToken
FN:24,(anonymous_2)
FN:28,isTokenRevoked
FNF:4
FNH:0
FNDA:0,(anonymous_0)
FNDA:0,revokeToken
FNDA:0,(anonymous_2)
FNDA:0,isTokenRevoked
DA:7,5
DA:8,5
DA:9,5
DA:11,5
DA:12,0
DA:13,0
DA:18,0
DA:19,0
DA:20,0
DA:21,0
DA:23,0
DA:24,0
DA:29,0
DA:30,0
DA:31,0
DA:32,0
DA:33,0
DA:35,0
LF:18
LH:4
BRDA:7,0,0,5
BRDA:7,0,1,0
BRDA:11,1,0,0
BRDA:11,1,1,5
BRDA:17,2,0,0
BRDA:18,3,0,0
BRDA:18,3,1,0
BRDA:19,4,0,0
BRDA:19,4,1,0
BRDA:20,5,0,0
BRDA:20,5,1,0
BRDA:29,6,0,0
BRDA:29,6,1,0
BRDA:30,7,0,0
BRDA:30,7,1,0
BRDA:31,8,0,0
BRDA:31,8,1,0
BRF:17
BRH:2
end_of_record
TN:
SF:src\Middlewares\validate.middleware.js
FN:7,validateObjectId
FN:8,(anonymous_1)
FN:18,validateObjectIds
FN:19,(anonymous_3)
FNF:4
FNH:2
FNDA:45,validateObjectId
FNDA:0,(anonymous_1)
FNDA:10,validateObjectIds
FNDA:0,(anonymous_3)
DA:8,45
DA:9,0
DA:10,0
DA:11,0
DA:13,0
DA:19,10
DA:20,0
DA:21,0
DA:22,0
DA:23,0
DA:26,0
LF:11
LH:2
BRDA:7,0,0,0
BRDA:10,1,0,0
BRDA:10,1,1,0
BRDA:10,2,0,0
BRDA:10,2,1,0
BRDA:18,3,0,0
BRDA:22,4,0,0
BRDA:22,4,1,0
BRDA:22,5,0,0
BRDA:22,5,1,0
BRF:10
BRH:0
end_of_record
TN:
SF:src\Middlewares\validateSchema.js
FN:1,(anonymous_0)
FN:1,(anonymous_1)
FN:6,(anonymous_2)
FNF:3
FNH:1
FNDA:40,(anonymous_0)
FNDA:0,(anonymous_1)
FNDA:0,(anonymous_2)
DA:1,40
DA:2,0
DA:3,0
DA:4,0
DA:6,0
DA:10,0
LF:6
LH:1
BRDA:3,0,0,0
BRDA:3,0,1,0
BRF:2
BRH:0
end_of_record
TN:
SF:src\Middlewares\validators\cart.validator.js
FNF:0
FNH:0
DA:5,5
DA:17,5
DA:29,5
LF:3
LH:3
BRF:0
BRH:0
end_of_record
TN:
SF:src\Middlewares\validators\email.validator.js
FNF:0
FNH:0
DA:3,5
LF:1
LH:1
BRF:0
BRH:0
end_of_record
TN:
SF:src\Middlewares\validators\product.validator.js
FNF:0
FNH:0
DA:3,5
DA:8,5
LF:2
LH:2
BRF:0
BRH:0
end_of_record
TN:
SF:src\Middlewares\validators\ticket.validation.js
FNF:0
FNH:0
DA:3,0
LF:1
LH:0
BRF:0
BRH:0
end_of_record
TN:
SF:src\Middlewares\validators\user.validator.js
FNF:0
FNH:0
DA:4,5
DA:53,5
LF:2
LH:2
BRF:0
BRH:0
end_of_record
TN:
SF:src\controllers\admin.controller.js
FN:9,(anonymous_0)
FN:19,(anonymous_1)
FN:33,(anonymous_2)
FN:49,(anonymous_3)
FN:64,(anonymous_4)
FN:76,(anonymous_5)
FN:89,(anonymous_6)
FN:105,(anonymous_7)
FN:121,(anonymous_8)
FN:138,(anonymous_9)
FNF:10
FNH:0
FNDA:0,(anonymous_0)
FNDA:0,(anonymous_1)
FNDA:0,(anonymous_2)
FNDA:0,(anonymous_3)
FNDA:0,(anonymous_4)
FNDA:0,(anonymous_5)
FNDA:0,(anonymous_6)
FNDA:0,(anonymous_7)
FNDA:0,(anonymous_8)
FNDA:0,(anonymous_9)
DA:5,5
DA:10,0
DA:11,0
DA:12,0
DA:13,0
DA:15,0
DA:20,0
DA:21,0
DA:22,0
DA:23,0
DA:27,0
DA:29,0
DA:34,0
DA:35,0
DA:36,0
DA:40,0
DA:42,0
DA:50,0
DA:51,0
DA:52,0
DA:58,0
DA:60,0
DA:65,0
DA:66,0
DA:70,0
DA:72,0
DA:77,0
DA:78,0
DA:79,0
DA:83,0
DA:85,0
DA:90,0
DA:91,0
DA:92,0
DA:96,0
DA:98,0
DA:106,0
DA:107,0
DA:108,0
DA:115,0
DA:117,0
DA:122,0
DA:123,0
DA:124,0
DA:127,0
DA:128,0
DA:129,0
DA:131,0
DA:139,0
DA:140,0
DA:141,0
DA:142,0
DA:144,0
LF:53
LH:1
BRF:0
BRH:0
end_of_record
TN:
SF:src\controllers\admin.extra.controller.js
FN:5,pickFormat
FN:11,(anonymous_1)
FN:25,(anonymous_2)
FN:39,(anonymous_3)
FN:53,(anonymous_4)
FN:64,(anonymous_5)
FN:77,(anonymous_6)
FNF:7
FNH:0
FNDA:0,pickFormat
FNDA:0,(anonymous_1)
FNDA:0,(anonymous_2)
FNDA:0,(anonymous_3)
FNDA:0,(anonymous_4)
FNDA:0,(anonymous_5)
FNDA:0,(anonymous_6)
DA:6,0
DA:7,0
DA:11,5
DA:12,0
DA:13,0
DA:14,0
DA:16,0
DA:17,0
DA:18,0
DA:20,0
DA:21,0
DA:25,5
DA:26,0
DA:27,0
DA:28,0
DA:30,0
DA:31,0
DA:32,0
DA:34,0
DA:35,0
DA:39,5
DA:40,0
DA:41,0
DA:42,0
DA:43,0
DA:44,0
DA:45,0
DA:47,0
DA:48,0
DA:53,5
DA:54,0
DA:55,0
DA:56,0
DA:57,0
DA:59,0
DA:60,0
DA:64,5
DA:65,0
DA:66,0
DA:67,0
DA:68,0
DA:69,0
DA:71,0
DA:72,0
DA:77,5
DA:78,0
DA:79,0
DA:80,0
DA:82,0
DA:83,0
DA:84,0
DA:86,0
DA:87,0
LF:53
LH:6
BRDA:6,0,0,0
BRDA:6,0,1,0
BRDA:7,1,0,0
BRDA:7,1,1,0
BRDA:66,2,0,0
BRDA:66,3,0,0
BRDA:66,4,0,0
BRDA:66,4,1,0
BRDA:79,5,0,0
BRDA:79,5,1,0
BRF:10
BRH:0
end_of_record
TN:
SF:src\controllers\admin.logs.controller.js
FN:23,(anonymous_0)
FN:45,(anonymous_1)
FNF:2
FNH:0
FNDA:0,(anonymous_0)
FNDA:0,(anonymous_1)
DA:23,5
DA:24,0
DA:25,0
DA:26,0
DA:28,0
DA:45,5
DA:46,0
DA:47,0
DA:48,0
DA:49,0
DA:50,0
DA:51,0
DA:53,0
LF:13
LH:2
BRDA:47,0,0,0
BRDA:47,0,1,0
BRF:2
BRH:0
end_of_record
TN:
SF:src\controllers\admin.settings.controller.js
FN:11,(anonymous_0)
FN:27,(anonymous_1)
FNF:2
FNH:0
FNDA:0,(anonymous_0)
FNDA:0,(anonymous_1)
DA:11,5
DA:12,0
DA:13,0
DA:14,0
DA:16,0
DA:27,5
DA:28,0
DA:29,0
DA:30,0
DA:32,0
LF:10
LH:2
BRF:0
BRH:0
end_of_record
TN:
SF:src\controllers\cart.controller.js
FN:5,(anonymous_0)
FN:9,(anonymous_1)
FN:23,(anonymous_2)
FN:38,(anonymous_3)
FN:52,(anonymous_4)
FN:65,(anonymous_5)
FN:77,(anonymous_6)
FN:95,(anonymous_7)
FN:112,(anonymous_8)
FN:125,(anonymous_9)
FNF:10
FNH:1
FNDA:5,(anonymous_0)
FNDA:0,(anonymous_1)
FNDA:0,(anonymous_2)
FNDA:0,(anonymous_3)
FNDA:0,(anonymous_4)
FNDA:0,(anonymous_5)
FNDA:0,(anonymous_6)
FNDA:0,(anonymous_7)
FNDA:0,(anonymous_8)
FNDA:0,(anonymous_9)
DA:6,5
DA:9,5
DA:10,0
DA:11,0
DA:12,0
DA:13,0
DA:15,0
DA:16,0
DA:18,0
DA:19,0
DA:23,5
DA:24,0
DA:25,0
DA:26,0
DA:28,0
DA:29,0
DA:33,0
DA:34,0
DA:38,5
DA:39,0
DA:40,0
DA:41,0
DA:42,0
DA:44,0
DA:45,0
DA:47,0
DA:48,0
DA:52,5
DA:53,0
DA:54,0
DA:55,0
DA:57,0
DA:58,0
DA:60,0
DA:61,0
DA:65,5
DA:66,0
DA:67,0
DA:69,0
DA:70,0
DA:72,0
DA:73,0
DA:77,5
DA:78,0
DA:79,0
DA:80,0
DA:82,0
DA:83,0
DA:84,0
DA:87,0
DA:88,0
DA:90,0
DA:91,0
DA:95,5
DA:96,0
DA:97,0
DA:99,0
DA:100,0
DA:101,0
DA:104,0
DA:105,0
DA:107,0
DA:108,0
DA:112,5
DA:113,0
DA:114,0
DA:115,0
DA:117,0
DA:118,0
DA:120,0
DA:121,0
DA:125,5
DA:126,0
DA:127,0
DA:128,0
DA:130,0
DA:131,0
DA:133,0
DA:134,0
DA:139,5
LF:80
LH:11
BRDA:82,0,0,0
BRDA:82,0,1,0
BRDA:99,1,0,0
BRDA:99,1,1,0
BRF:4
BRH:0
end_of_record
TN:
SF:src\controllers\chatbot.controller.js
FN:11,(anonymous_0)
FN:22,(anonymous_1)
FN:33,(anonymous_2)
FN:42,(anonymous_3)
FN:51,(anonymous_4)
FNF:5
FNH:0
FNDA:0,(anonymous_0)
FNDA:0,(anonymous_1)
FNDA:0,(anonymous_2)
FNDA:0,(anonymous_3)
FNDA:0,(anonymous_4)
DA:11,5
DA:12,0
DA:13,0
DA:14,0
DA:15,0
DA:16,0
DA:18,0
DA:22,5
DA:23,0
DA:24,0
DA:25,0
DA:26,0
DA:28,0
DA:33,5
DA:34,0
DA:35,0
DA:36,0
DA:38,0
DA:42,5
DA:43,0
DA:44,0
DA:45,0
DA:47,0
DA:51,5
DA:52,0
DA:53,0
DA:54,0
DA:56,0
LF:28
LH:5
BRDA:14,0,0,0
BRDA:14,0,1,0
BRF:2
BRH:0
end_of_record
TN:
SF:src\controllers\email.controller.js
FN:4,(anonymous_0)
FNF:1
FNH:0
FNDA:0,(anonymous_0)
DA:4,5
DA:5,0
DA:6,0
DA:8,0
DA:9,0
DA:13,0
DA:19,0
DA:20,0
DA:25,0
DA:26,0
LF:10
LH:1
BRDA:8,0,0,0
BRDA:8,0,1,0
BRDA:15,1,0,0
BRDA:15,1,1,0
BRDA:16,2,0,0
BRDA:16,2,1,0
BRF:6
BRH:0
end_of_record
TN:
SF:src\controllers\product.controller.js
FN:5,(anonymous_0)
FN:9,(anonymous_1)
FN:20,(anonymous_2)
FN:36,(anonymous_3)
FN:47,(anonymous_4)
FN:63,(anonymous_5)
FNF:6
FNH:1
FNDA:5,(anonymous_0)
FNDA:0,(anonymous_1)
FNDA:0,(anonymous_2)
FNDA:0,(anonymous_3)
FNDA:0,(anonymous_4)
FNDA:0,(anonymous_5)
DA:6,5
DA:9,5
DA:10,0
DA:11,0
DA:12,0
DA:13,0
DA:15,0
DA:16,0
DA:20,5
DA:21,0
DA:22,0
DA:23,0
DA:24,0
DA:25,0
DA:26,0
DA:28,0
DA:29,0
DA:31,0
DA:32,0
DA:36,5
DA:37,0
DA:38,0
DA:39,0
DA:40,0
DA:42,0
DA:43,0
DA:47,5
DA:48,0
DA:49,0
DA:50,0
DA:51,0
DA:52,0
DA:53,0
DA:55,0
DA:56,0
DA:58,0
DA:59,0
DA:63,5
DA:64,0
DA:65,0
DA:66,0
DA:67,0
DA:68,0
DA:69,0
DA:71,0
DA:72,0
DA:74,0
DA:75,0
DA:80,5
LF:49
LH:7
BRDA:24,0,0,0
BRDA:24,0,1,0
BRDA:51,1,0,0
BRDA:51,1,1,0
BRDA:67,2,0,0
BRDA:67,2,1,0
BRF:6
BRH:0
end_of_record
TN:
SF:src\controllers\ticket.controller.js
FN:10,(anonymous_0)
FN:41,(anonymous_1)
FNF:2
FNH:0
FNDA:0,(anonymous_0)
FNDA:0,(anonymous_1)
DA:6,5
DA:11,0
DA:12,0
DA:13,0
DA:14,0
DA:18,0
DA:19,0
DA:20,0
DA:23,0
DA:24,0
DA:28,0
DA:30,0
DA:31,0
DA:33,0
DA:34,0
DA:42,0
DA:43,0
DA:44,0
DA:46,0
DA:47,0
DA:48,0
DA:51,0
DA:52,0
DA:54,0
DA:55,0
LF:25
LH:1
BRDA:13,0,0,0
BRDA:13,0,1,0
BRDA:19,1,0,0
BRDA:19,1,1,0
BRDA:23,2,0,0
BRDA:23,2,1,0
BRDA:46,3,0,0
BRDA:46,3,1,0
BRF:8
BRH:0
end_of_record
TN:
SF:src\controllers\user.controller.js
FN:10,(anonymous_0)
FN:15,(anonymous_1)
FN:26,(anonymous_2)
FN:67,(anonymous_3)
FN:87,(anonymous_4)
FN:106,(anonymous_5)
FN:118,(anonymous_6)
FN:141,(anonymous_7)
FNF:8
FNH:3
FNDA:5,(anonymous_0)
FNDA:0,(anonymous_1)
FNDA:0,(anonymous_2)
FNDA:0,(anonymous_3)
FNDA:0,(anonymous_4)
FNDA:0,(anonymous_5)
FNDA:1,(anonymous_6)
FNDA:1,(anonymous_7)
DA:11,5
DA:15,5
DA:16,0
DA:17,0
DA:18,0
DA:19,0
DA:21,0
DA:26,5
DA:27,0
DA:28,0
DA:31,0
DA:32,0
DA:39,0
DA:40,0
DA:41,0
DA:44,0
DA:52,0
DA:60,0
DA:62,0
DA:67,5
DA:68,0
DA:69,0
DA:70,0
DA:72,0
DA:73,0
DA:75,0
DA:77,0
DA:82,0
DA:87,5
DA:88,0
DA:89,0
DA:90,0
DA:91,0
DA:93,0
DA:94,0
DA:96,0
DA:97,0
DA:99,0
DA:101,0
DA:106,5
DA:107,0
DA:108,0
DA:109,0
DA:110,0
DA:111,0
DA:113,0
DA:118,5
DA:119,1
DA:120,1
DA:121,1
DA:122,1
DA:124,0
DA:126,0
DA:134,0
DA:136,0
DA:141,5
DA:142,1
DA:143,1
DA:144,1
DA:145,1
DA:146,1
DA:147,1
DA:149,1
DA:150,1
DA:151,1
DA:153,0
DA:158,5
LF:67
LH:22
BRDA:31,0,0,0
BRDA:31,0,1,0
BRDA:31,1,0,0
BRDA:31,1,1,0
BRDA:39,2,0,0
BRDA:39,2,1,0
BRDA:39,3,0,0
BRDA:39,3,1,0
BRDA:41,4,0,0
BRDA:41,4,1,0
BRDA:44,5,0,0
BRDA:44,5,1,0
BRDA:70,6,0,0
BRDA:70,6,1,0
BRDA:91,7,0,0
BRDA:91,7,1,0
BRDA:94,8,0,0
BRDA:94,8,1,0
BRDA:97,9,0,0
BRDA:97,9,1,0
BRDA:110,10,0,0
BRDA:110,10,1,0
BRDA:120,11,0,1
BRDA:120,11,1,0
BRDA:122,12,0,1
BRDA:122,12,1,0
BRDA:122,13,0,1
BRDA:122,13,1,0
BRDA:126,14,0,0
BRDA:126,14,1,0
BRDA:143,15,0,1
BRDA:143,15,1,0
BRDA:144,16,0,1
BRDA:144,16,1,0
BRDA:145,17,0,1
BRDA:145,17,1,0
BRDA:147,18,0,0
BRDA:147,18,1,1
BRDA:149,19,0,1
BRDA:149,19,1,0
BRF:40
BRH:8
end_of_record
TN:
SF:src\daos\cart.dao.js
FN:5,(anonymous_0)
FN:9,(anonymous_1)
FN:13,(anonymous_2)
FN:18,(anonymous_3)
FN:23,(anonymous_4)
FN:42,(anonymous_5)
FN:49,(anonymous_6)
FN:54,(anonymous_7)
FN:61,(anonymous_8)
FN:66,(anonymous_9)
FN:75,(anonymous_10)
FNF:11
FNH:1
FNDA:5,(anonymous_0)
FNDA:0,(anonymous_1)
FNDA:0,(anonymous_2)
FNDA:0,(anonymous_3)
FNDA:0,(anonymous_4)
FNDA:0,(anonymous_5)
FNDA:0,(anonymous_6)
FNDA:0,(anonymous_7)
FNDA:0,(anonymous_8)
FNDA:0,(anonymous_9)
FNDA:0,(anonymous_10)
DA:6,5
DA:9,5
DA:10,0
DA:13,5
DA:15,0
DA:18,5
DA:19,0
DA:20,0
DA:22,0
DA:23,0
DA:26,0
DA:28,0
DA:31,0
DA:37,0
DA:39,0
DA:42,5
DA:43,0
DA:49,5
DA:50,0
DA:51,0
DA:53,0
DA:54,0
DA:57,0
DA:58,0
DA:61,5
DA:62,0
DA:63,0
DA:65,0
DA:66,0
DA:68,0
DA:70,0
DA:71,0
DA:72,0
DA:75,5
DA:76,0
DA:77,0
DA:79,0
DA:80,0
DA:81,0
DA:85,5
LF:40
LH:9
BRDA:20,0,0,0
BRDA:20,0,1,0
BRDA:26,1,0,0
BRDA:26,1,1,0
BRDA:51,2,0,0
BRDA:51,2,1,0
BRDA:63,3,0,0
BRDA:63,3,1,0
BRDA:68,4,0,0
BRDA:68,4,1,0
BRDA:77,5,0,0
BRDA:77,5,1,0
BRF:12
BRH:0
end_of_record
TN:
SF:src\daos\mongo.dao.js
FN:2,(anonymous_0)
FN:6,(anonymous_1)
FN:14,(anonymous_2)
FN:22,(anonymous_3)
FN:30,(anonymous_4)
FN:38,(anonymous_5)
FNF:6
FNH:1
FNDA:20,(anonymous_0)
FNDA:0,(anonymous_1)
FNDA:0,(anonymous_2)
FNDA:0,(anonymous_3)
FNDA:0,(anonymous_4)
FNDA:0,(anonymous_5)
DA:3,20
DA:6,20
DA:7,0
DA:8,0
DA:10,0
DA:14,20
DA:15,0
DA:16,0
DA:18,0
DA:22,20
DA:23,0
DA:24,0
DA:26,0
DA:30,20
DA:31,0
DA:32,0
DA:34,0
DA:38,20
DA:39,0
DA:40,0
DA:42,0
LF:21
LH:6
BRF:0
BRH:0
end_of_record
TN:
SF:src\daos\product.dao.js
FN:10,(anonymous_0)
FNF:1
FNH:1
FNDA:5,(anonymous_0)
DA:11,5
DA:15,5
LF:2
LH:2
BRF:0
BRH:0
end_of_record
TN:
SF:src\daos\ticket.dao.js
FN:5,(anonymous_0)
FNF:1
FNH:1
FNDA:5,(anonymous_0)
DA:6,5
DA:10,5
LF:2
LH:2
BRF:0
BRH:0
end_of_record
TN:
SF:src\daos\user.dao.js
FN:6,(anonymous_0)
FN:10,(anonymous_1)
FN:19,(anonymous_2)
FN:28,(anonymous_3)
FNF:4
FNH:1
FNDA:5,(anonymous_0)
FNDA:0,(anonymous_1)
FNDA:0,(anonymous_2)
FNDA:0,(anonymous_3)
DA:7,5
DA:10,5
DA:11,0
DA:12,0
DA:14,0
DA:19,5
DA:20,0
DA:21,0
DA:23,0
DA:28,5
DA:29,0
DA:30,0
DA:32,0
DA:37,5
LF:14
LH:5
BRF:0
BRH:0
end_of_record
TN:
SF:src\db\db.conection.js
FN:9,(anonymous_0)
FN:18,(anonymous_1)
FN:108,(anonymous_2)
FNF:3
FNH:2
FNDA:0,(anonymous_0)
FNDA:18,(anonymous_1)
FNDA:15,(anonymous_2)
DA:3,7
DA:4,7
DA:9,7
DA:10,0
DA:11,0
DA:12,0
DA:18,7
DA:19,18
DA:24,18
DA:27,18
DA:29,18
DA:33,18
DA:34,18
DA:35,18
DA:36,18
DA:37,18
DA:38,18
DA:39,18
DA:40,18
DA:41,18
DA:42,18
DA:47,18
DA:48,18
DA:50,18
DA:51,7
DA:52,7
DA:55,18
DA:56,7
DA:59,18
DA:65,0
DA:66,0
DA:67,0
DA:68,0
DA:75,0
DA:76,0
DA:77,0
DA:80,18
DA:85,18
DA:86,11
DA:87,11
DA:93,7
DA:95,7
DA:98,7
DA:100,0
DA:101,0
DA:108,7
DA:109,15
DA:110,15
DA:111,7
DA:114,15
DA:115,7
DA:116,7
DA:117,7
DA:120,0
LF:54
LH:41
BRDA:10,0,0,0
BRDA:10,0,1,0
BRDA:11,1,0,0
BRDA:11,1,1,0
BRDA:24,2,0,18
BRDA:24,2,1,0
BRDA:29,3,0,18
BRDA:29,3,1,4
BRDA:47,4,0,18
BRDA:47,4,1,0
BRDA:50,5,0,7
BRDA:50,5,1,11
BRDA:55,6,0,7
BRDA:55,6,1,11
BRDA:65,7,0,0
BRDA:65,7,1,0
BRDA:67,8,0,0
BRDA:67,8,1,0
BRDA:76,9,0,0
BRDA:76,9,1,0
BRDA:85,10,0,11
BRDA:85,10,1,7
BRDA:93,11,0,7
BRDA:93,11,1,0
BRDA:110,12,0,7
BRDA:110,12,1,8
BRDA:114,13,0,7
BRDA:114,13,1,8
BRF:28
BRH:15
end_of_record
TN:
SF:src\dto\user.dto.js
FN:2,(anonymous_0)
FNF:1
FNH:0
FNDA:0,(anonymous_0)
DA:3,0
DA:4,0
DA:5,0
DA:6,0
DA:7,0
DA:8,0
LF:6
LH:0
BRF:0
BRH:0
end_of_record
TN:
SF:src\emails\entries\purchase.entry.js
FN:5,renderEmail
FNF:1
FNH:1
FNDA:1,renderEmail
DA:6,1
LF:1
LH:1
BRDA:5,0,0,0
BRF:1
BRH:0
end_of_record
TN:
SF:src\emails\entries\welcome.entry.js
FN:5,renderEmail
FNF:1
FNH:1
FNDA:1,renderEmail
DA:6,1
LF:1
LH:1
BRDA:5,0,0,0
BRF:1
BRH:0
end_of_record
TN:
SF:src\model\adminLog.model.js
FNF:0
FNH:0
DA:4,5
DA:16,5
LF:2
LH:2
BRF:0
BRH:0
end_of_record
TN:
SF:src\model\cart.model.js
FNF:0
FNH:0
DA:4,5
DA:25,5
LF:2
LH:2
BRF:0
BRH:0
end_of_record
TN:
SF:src\model\chatLog.model.js
FNF:0
FNH:0
DA:3,5
DA:15,5
LF:2
LH:2
BRDA:15,0,0,5
BRDA:15,0,1,0
BRF:2
BRH:1
end_of_record
TN:
SF:src\model\chatbot.model.js
FNF:0
FNH:0
DA:4,5
DA:10,5
DA:12,5
DA:22,5
LF:4
LH:4
BRF:0
BRH:0
end_of_record
TN:
SF:src\model\product.model.js
FN:5,(anonymous_0)
FN:20,(anonymous_1)
FN:26,(anonymous_2)
FN:50,(anonymous_3)
FNF:4
FNH:0
FNDA:0,(anonymous_0)
FNDA:0,(anonymous_1)
FNDA:0,(anonymous_2)
FNDA:0,(anonymous_3)
DA:5,5
DA:6,0
DA:11,5
DA:13,5
DA:20,0
DA:26,0
DA:50,0
DA:56,5
DA:58,5
LF:9
LH:5
BRDA:5,0,0,0
BRF:1
BRH:0
end_of_record
TN:
SF:src\model\session.model.js
FNF:0
FNH:0
DA:4,0
DA:10,0
LF:2
LH:0
BRF:0
BRH:0
end_of_record
TN:
SF:src\model\settings.model.js
FNF:0
FNH:0
DA:4,5
DA:18,5
LF:2
LH:2
BRF:0
BRH:0
end_of_record
TN:
SF:src\model\ticket.model.js
FNF:0
FNH:0
DA:4,5
DA:25,5
LF:2
LH:2
BRF:0
BRH:0
end_of_record
TN:
SF:src\model\user.model.js
FN:4,(anonymous_0)
FN:23,(anonymous_1)
FN:29,(anonymous_2)
FN:37,(anonymous_3)
FN:76,(anonymous_4)
FNF:5
FNH:0
FNDA:0,(anonymous_0)
FNDA:0,(anonymous_1)
FNDA:0,(anonymous_2)
FNDA:0,(anonymous_3)
FNDA:0,(anonymous_4)
DA:4,5
DA:5,0
DA:11,5
DA:17,5
DA:23,0
DA:29,0
DA:37,0
DA:76,5
DA:78,0
DA:81,5
LF:10
LH:5
BRDA:4,0,0,0
BRDA:37,1,0,0
BRDA:37,1,1,0
BRF:3
BRH:0
end_of_record
TN:
SF:src\routes\admin.extra.router.js
FNF:0
FNH:0
DA:7,5
DA:8,5
DA:11,5
DA:14,5
DA:15,5
DA:16,5
DA:19,5
DA:20,5
DA:23,5
LF:9
LH:9
BRF:0
BRH:0
end_of_record
TN:
SF:src\routes\admin.logs.router.js
FNF:0
FNH:0
DA:6,5
DA:14,5
DA:15,5
DA:16,5
LF:4
LH:4
BRF:0
BRH:0
end_of_record
TN:
SF:src\routes\admin.router.js
FNF:0
FNH:0
DA:5,5
DA:8,5
DA:11,5
DA:12,5
DA:13,5
DA:16,5
DA:17,5
DA:18,5
DA:19,5
DA:22,5
DA:23,5
DA:26,5
LF:12
LH:12
BRF:0
BRH:0
end_of_record
TN:
SF:src\routes\admin.settings.router.js
FNF:0
FNH:0
DA:12,5
DA:14,5
DA:15,5
DA:16,5
LF:4
LH:4
BRF:0
BRH:0
end_of_record
TN:
SF:src\routes\cart.router.js
FNF:0
FNH:0
DA:13,5
DA:34,5
DA:56,5
DA:81,5
DA:115,5
DA:139,5
DA:162,5
DA:191,5
DA:233,5
DA:257,5
LF:10
LH:10
BRF:0
BRH:0
end_of_record
TN:
SF:src\routes\chatbot.router.js
FNF:0
FNH:0
DA:6,5
DA:27,5
DA:29,5
DA:30,5
DA:31,5
DA:32,5
LF:6
LH:6
BRF:0
BRH:0
end_of_record
TN:
SF:src\routes\email.router.js
FNF:0
FNH:0
DA:6,5
DA:45,5
LF:2
LH:2
BRF:0
BRH:0
end_of_record
TN:
SF:src\routes\products.router.js
FNF:0
FNH:0
DA:9,5
DA:30,5
DA:52,5
DA:79,5
DA:113,5
DA:139,5
LF:6
LH:6
BRF:0
BRH:0
end_of_record
TN:
SF:src\routes\ticket.router.js
FNF:0
FNH:0
DA:6,5
DA:24,5
DA:41,5
LF:3
LH:3
BRF:0
BRH:0
end_of_record
TN:
SF:src\routes\user.router.js
FNF:0
FNH:0
DA:64,5
DA:87,5
DA:118,5
DA:136,5
DA:152,5
DA:165,5
DA:174,5
DA:185,5
LF:8
LH:8
BRF:0
BRH:0
end_of_record
TN:
SF:src\services\admin.extra.services.js
FN:10,toCsvRow
FN:12,(anonymous_1)
FN:24,arrayToCsvStream
FN:27,(anonymous_3)
FN:35,nowStamp
FN:37,(anonymous_5)
FN:41,makePdfStream
FN:46,pickFormats
FN:54,exportProducts
FN:58,(anonymous_9)
FN:58,(anonymous_10)
FN:69,exportUsers
FN:84,(anonymous_12)
FN:84,(anonymous_13)
FN:95,exportSales
FN:105,(anonymous_15)
FN:127,bulkUpdatePrices
FN:164,deleteInactiveUsers
FN:177,(anonymous_18)
FN:186,importProductsFromCSV
FN:189,(anonymous_20)
FN:192,(anonymous_21)
FN:198,(anonymous_22)
FNF:23
FNH:0
FNDA:0,toCsvRow
FNDA:0,(anonymous_1)
FNDA:0,arrayToCsvStream
FNDA:0,(anonymous_3)
FNDA:0,nowStamp
FNDA:0,(anonymous_5)
FNDA:0,makePdfStream
FNDA:0,pickFormats
FNDA:0,exportProducts
FNDA:0,(anonymous_9)
FNDA:0,(anonymous_10)
FNDA:0,exportUsers
FNDA:0,(anonymous_12)
FNDA:0,(anonymous_13)
FNDA:0,exportSales
FNDA:0,(anonymous_15)
FNDA:0,bulkUpdatePrices
FNDA:0,deleteInactiveUsers
FNDA:0,(anonymous_18)
FNDA:0,importProductsFromCSV
FNDA:0,(anonymous_20)
FNDA:0,(anonymous_21)
FNDA:0,(anonymous_22)
DA:11,0
DA:13,0
DA:14,0
DA:16,0
DA:17,0
DA:19,0
DA:25,0
DA:27,0
DA:28,0
DA:29,0
DA:30,0
DA:32,0
DA:36,0
DA:37,0
DA:38,0
DA:42,0
DA:43,0
DA:47,0
DA:48,0
DA:50,0
DA:55,0
DA:57,0
DA:58,0
DA:60,0
DA:62,0
DA:66,0
DA:70,0
DA:72,0
DA:84,0
DA:86,0
DA:88,0
DA:92,0
DA:96,0
DA:97,0
DA:98,0
DA:99,0
DA:100,0
DA:103,0
DA:104,0
DA:105,0
DA:107,0
DA:109,0
DA:113,0
DA:128,0
DA:129,0
DA:132,0
DA:133,0
DA:134,0
DA:135,0
DA:136,0
DA:137,0
DA:138,0
DA:141,0
DA:142,0
DA:144,0
DA:145,0
DA:146,0
DA:147,0
DA:148,0
DA:150,0
DA:152,0
DA:153,0
DA:156,0
DA:165,0
DA:167,0
DA:172,0
DA:173,0
DA:174,0
DA:177,0
DA:178,0
DA:187,0
DA:189,0
DA:190,0
DA:192,0
DA:193,0
DA:194,0
DA:195,0
DA:198,0
DA:199,0
DA:200,0
DA:201,0
DA:203,0
DA:204,0
DA:205,0
DA:206,0
DA:215,0
DA:216,0
DA:217,0
DA:219,0
DA:220,0
DA:222,0
DA:227,0
DA:228,0
DA:231,0
LF:94
LH:0
BRDA:13,0,0,0
BRDA:13,0,1,0
BRDA:13,1,0,0
BRDA:13,1,1,0
BRDA:16,2,0,0
BRDA:16,2,1,0
BRDA:16,3,0,0
BRDA:16,3,1,0
BRDA:16,3,2,0
BRDA:47,4,0,0
BRDA:47,4,1,0
BRDA:54,5,0,0
BRDA:58,6,0,0
BRDA:58,6,1,0
BRDA:62,7,0,0
BRDA:62,7,1,0
BRDA:69,8,0,0
BRDA:84,9,0,0
BRDA:84,9,1,0
BRDA:88,10,0,0
BRDA:88,10,1,0
BRDA:95,11,0,0
BRDA:95,12,0,0
BRDA:97,13,0,0
BRDA:97,13,1,0
BRDA:97,14,0,0
BRDA:97,14,1,0
BRDA:99,15,0,0
BRDA:99,15,1,0
BRDA:100,16,0,0
BRDA:100,16,1,0
BRDA:105,17,0,0
BRDA:105,17,1,0
BRDA:105,18,0,0
BRDA:105,18,1,0
BRDA:109,19,0,0
BRDA:109,19,1,0
BRDA:127,20,0,0
BRDA:127,21,0,0
BRDA:127,22,0,0
BRDA:128,23,0,0
BRDA:128,23,1,0
BRDA:128,24,0,0
BRDA:128,24,1,0
BRDA:133,25,0,0
BRDA:133,25,1,0
BRDA:134,26,0,0
BRDA:134,26,1,0
BRDA:136,27,0,0
BRDA:136,27,1,0
BRDA:137,28,0,0
BRDA:137,28,1,0
BRDA:137,29,0,0
BRDA:137,29,1,0
BRDA:145,30,0,0
BRDA:145,30,1,0
BRDA:146,31,0,0
BRDA:146,31,1,0
BRDA:147,32,0,0
BRDA:147,32,1,0
BRDA:164,33,0,0
BRDA:164,34,0,0
BRDA:164,35,0,0
BRDA:173,36,0,0
BRDA:173,36,1,0
BRDA:178,37,0,0
BRDA:178,37,1,0
BRDA:190,38,0,0
BRDA:190,38,1,0
BRDA:195,39,0,0
BRDA:195,39,1,0
BRDA:215,40,0,0
BRDA:215,40,1,0
BRDA:215,41,0,0
BRDA:215,41,1,0
BRDA:215,41,2,0
BRF:76
BRH:0
end_of_record
TN:
SF:src\services\admin.logs.services.js
FN:6,nowStamp
FN:11,toCsvRow
FN:12,(anonymous_2)
FN:15,logAdminAction
FN:19,listLogs
FN:31,exportLogs
FN:34,(anonymous_6)
FN:53,(anonymous_7)
FNF:8
FNH:0
FNDA:0,nowStamp
FNDA:0,toCsvRow
FNDA:0,(anonymous_2)
FNDA:0,logAdminAction
FNDA:0,listLogs
FNDA:0,exportLogs
FNDA:0,(anonymous_6)
FNDA:0,(anonymous_7)
DA:7,0
DA:8,0
DA:12,0
DA:16,0
DA:20,0
DA:21,0
DA:22,0
DA:23,0
DA:24,0
DA:25,0
DA:26,0
DA:28,0
DA:32,0
DA:33,0
DA:34,0
DA:43,0
DA:44,0
DA:45,0
DA:52,0
DA:53,0
DA:54,0
DA:55,0
DA:56,0
DA:59,0
LF:24
LH:0
BRDA:12,0,0,0
BRDA:12,0,1,0
BRDA:15,1,0,0
BRDA:21,2,0,0
BRDA:21,2,1,0
BRDA:22,3,0,0
BRDA:22,3,1,0
BRDA:23,4,0,0
BRDA:23,4,1,0
BRDA:23,5,0,0
BRDA:23,5,1,0
BRDA:25,6,0,0
BRDA:25,6,1,0
BRDA:26,7,0,0
BRDA:26,7,1,0
BRDA:31,8,0,0
BRDA:43,9,0,0
BRDA:43,9,1,0
BRF:18
BRH:0
end_of_record
TN:
SF:src\services\admin.services.js
FN:10,logAdminAction
FN:27,(anonymous_1)
FN:53,(anonymous_2)
FN:76,(anonymous_3)
FN:93,(anonymous_4)
FN:118,(anonymous_5)
FN:140,(anonymous_6)
FN:165,(anonymous_7)
FN:182,(anonymous_8)
FN:206,(anonymous_9)
FN:220,(anonymous_10)
FN:233,(anonymous_11)
FN:240,(anonymous_12)
FN:260,(anonymous_13)
FNF:14
FNH:0
FNDA:0,logAdminAction
FNDA:0,(anonymous_1)
FNDA:0,(anonymous_2)
FNDA:0,(anonymous_3)
FNDA:0,(anonymous_4)
FNDA:0,(anonymous_5)
FNDA:0,(anonymous_6)
FNDA:0,(anonymous_7)
FNDA:0,(anonymous_8)
FNDA:0,(anonymous_9)
FNDA:0,(anonymous_10)
FNDA:0,(anonymous_11)
FNDA:0,(anonymous_12)
FNDA:0,(anonymous_13)
DA:11,0
DA:12,0
DA:23,5
DA:28,0
DA:29,0
DA:30,0
DA:36,0
DA:39,0
DA:40,0
DA:45,0
DA:54,0
DA:55,0
DA:56,0
DA:58,0
DA:64,0
DA:66,0
DA:73,0
DA:77,0
DA:78,0
DA:80,0
DA:87,0
DA:94,0
DA:95,0
DA:96,0
DA:101,0
DA:104,0
DA:105,0
DA:110,0
DA:120,0
DA:130,0
DA:131,0
DA:137,0
DA:141,0
DA:144,0
DA:145,0
DA:147,0
DA:153,0
DA:155,0
DA:162,0
DA:166,0
DA:167,0
DA:169,0
DA:176,0
DA:183,0
DA:184,0
DA:185,0
DA:186,0
DA:187,0
DA:188,0
DA:191,0
DA:192,0
DA:197,0
DA:207,0
DA:208,0
DA:209,0
DA:210,0
DA:211,0
DA:214,0
DA:220,0
DA:227,0
DA:228,0
DA:233,0
DA:242,0
DA:243,0
DA:244,0
DA:245,0
DA:246,0
DA:248,0
DA:260,0
DA:268,0
DA:283,0
DA:290,0
DA:291,0
DA:292,0
DA:297,0
DA:300,0
LF:76
LH:1
BRDA:10,0,0,0
BRDA:10,1,0,0
BRDA:13,2,0,0
BRDA:13,2,1,0
BRDA:27,3,0,0
BRDA:27,4,0,0
BRDA:27,5,0,0
BRDA:27,6,0,0
BRDA:29,7,0,0
BRDA:29,7,1,0
BRDA:36,8,0,0
BRDA:36,8,1,0
BRDA:53,9,0,0
BRDA:55,10,0,0
BRDA:55,10,1,0
BRDA:64,11,0,0
BRDA:64,11,1,0
BRDA:76,12,0,0
BRDA:78,13,0,0
BRDA:78,13,1,0
BRDA:93,14,0,0
BRDA:93,15,0,0
BRDA:93,16,0,0
BRDA:93,17,0,0
BRDA:95,18,0,0
BRDA:95,18,1,0
BRDA:101,19,0,0
BRDA:101,19,1,0
BRDA:118,20,0,0
BRDA:122,21,0,0
BRDA:122,21,1,0
BRDA:123,22,0,0
BRDA:123,22,1,0
BRDA:124,23,0,0
BRDA:124,23,1,0
BRDA:125,24,0,0
BRDA:125,24,1,0
BRDA:126,25,0,0
BRDA:126,25,1,0
BRDA:137,26,0,0
BRDA:137,26,1,0
BRDA:140,27,0,0
BRDA:144,28,0,0
BRDA:144,28,1,0
BRDA:145,29,0,0
BRDA:145,29,1,0
BRDA:153,30,0,0
BRDA:153,30,1,0
BRDA:165,31,0,0
BRDA:167,32,0,0
BRDA:167,32,1,0
BRDA:182,33,0,0
BRDA:182,34,0,0
BRDA:182,35,0,0
BRDA:184,36,0,0
BRDA:184,36,1,0
BRDA:185,37,0,0
BRDA:185,37,1,0
BRDA:185,38,0,0
BRDA:185,38,1,0
BRDA:187,39,0,0
BRDA:187,39,1,0
BRDA:188,40,0,0
BRDA:188,40,1,0
BRDA:206,41,0,0
BRDA:208,42,0,0
BRDA:208,42,1,0
BRDA:208,43,0,0
BRDA:208,43,1,0
BRDA:210,44,0,0
BRDA:210,44,1,0
BRDA:211,45,0,0
BRDA:211,45,1,0
BRDA:233,46,0,0
BRDA:233,46,1,0
BRDA:240,47,0,0
BRDA:240,48,0,0
BRF:77
BRH:0
end_of_record
TN:
SF:src\services\admin.settings.services.js
FN:4,getSettings
FN:10,updateSettings
FNF:2
FNH:0
FNDA:0,getSettings
FNDA:0,updateSettings
DA:5,0
DA:6,0
DA:7,0
DA:11,0
DA:12,0
DA:13,0
DA:14,0
LF:7
LH:0
BRDA:6,0,0,0
BRDA:6,0,1,0
BRF:2
BRH:0
end_of_record
TN:
SF:src\services\carrito.services.js
FN:6,(anonymous_0)
FN:10,(anonymous_1)
FN:14,(anonymous_2)
FN:20,(anonymous_3)
FN:28,(anonymous_4)
FNF:5
FNH:1
FNDA:5,(anonymous_0)
FNDA:0,(anonymous_1)
FNDA:0,(anonymous_2)
FNDA:0,(anonymous_3)
FNDA:0,(anonymous_4)
DA:7,5
DA:10,5
DA:11,0
DA:14,5
DA:15,0
DA:16,0
DA:17,0
DA:20,5
DA:21,0
DA:22,0
DA:24,0
DA:25,0
DA:28,5
DA:29,0
DA:30,0
DA:34,5
LF:16
LH:6
BRDA:16,0,0,0
BRDA:16,0,1,0
BRDA:22,1,0,0
BRDA:22,1,1,0
BRF:4
BRH:0
end_of_record
TN:
SF:src\services\chatbot.services.js
FN:15,addToMemory
FN:23,getUserMemory
FN:28,getAnswer
FN:56,sendWhatsAppMessage
FNF:4
FNH:0
FNDA:0,addToMemory
FNDA:0,getUserMemory
FNDA:0,getAnswer
FNDA:0,sendWhatsAppMessage
DA:7,5
DA:8,5
DA:9,5
DA:10,5
DA:13,5
DA:16,0
DA:17,0
DA:18,0
DA:19,0
DA:20,0
DA:24,0
DA:29,0
DA:32,0
DA:35,0
DA:42,0
DA:44,0
DA:45,0
DA:47,0
DA:48,0
DA:53,0
DA:57,0
DA:59,0
DA:60,0
DA:62,0
DA:68,0
LF:25
LH:5
BRDA:10,0,0,5
BRDA:10,0,1,0
BRDA:10,1,0,5
BRDA:10,1,1,5
BRDA:16,2,0,0
BRDA:16,2,1,0
BRDA:19,3,0,0
BRDA:19,3,1,0
BRDA:24,4,0,0
BRDA:24,4,1,0
BRDA:32,5,0,0
BRDA:32,5,1,0
BRDA:44,6,0,0
BRDA:44,6,1,0
BRDA:47,7,0,0
BRDA:47,7,1,0
BRDA:51,8,0,0
BRDA:51,8,1,0
BRDA:57,9,0,0
BRDA:57,9,1,0
BRF:20
BRH:3
end_of_record
TN:
SF:src\services\email.services.js
FN:32,(anonymous_0)
FN:48,(anonymous_1)
FN:64,(anonymous_2)
FN:87,(anonymous_3)
FN:97,(anonymous_4)
FN:135,(anonymous_5)
FNF:6
FNH:0
FNDA:0,(anonymous_0)
FNDA:0,(anonymous_1)
FNDA:0,(anonymous_2)
FNDA:0,(anonymous_3)
FNDA:0,(anonymous_4)
FNDA:0,(anonymous_5)
DA:12,5
DA:16,5
DA:17,5
DA:28,5
DA:30,5
DA:33,0
DA:37,0
DA:41,0
DA:42,0
DA:46,0
DA:49,0
DA:52,0
DA:58,0
DA:64,5
DA:65,0
DA:66,0
DA:69,0
DA:70,0
DA:71,0
DA:73,0
DA:74,0
DA:75,0
DA:78,0
DA:79,0
DA:80,0
DA:81,0
DA:87,5
DA:88,0
DA:89,0
DA:91,0
DA:97,5
DA:99,0
DA:100,0
DA:101,0
DA:104,0
DA:105,0
DA:108,0
DA:111,0
DA:112,0
DA:118,0
DA:120,0
DA:127,0
DA:128,0
DA:129,0
DA:135,5
DA:137,0
DA:138,0
DA:139,0
DA:142,0
DA:143,0
DA:146,0
DA:149,0
DA:150,0
DA:154,0
DA:156,0
DA:163,0
DA:164,0
DA:165,0
LF:58
LH:9
BRDA:12,0,0,5
BRDA:12,0,1,5
BRDA:12,0,2,0
BRDA:16,1,0,5
BRDA:16,1,1,0
BRDA:28,2,0,5
BRDA:28,2,1,0
BRDA:41,3,0,0
BRDA:41,3,1,0
BRDA:65,4,0,0
BRDA:65,4,1,0
BRDA:78,5,0,0
BRDA:78,5,1,0
BRDA:79,6,0,0
BRDA:79,6,1,0
BRDA:88,7,0,0
BRDA:88,7,1,0
BRDA:88,8,0,0
BRDA:88,8,1,0
BRDA:99,9,0,0
BRDA:99,9,1,0
BRDA:104,10,0,0
BRDA:104,10,1,0
BRDA:113,11,0,0
BRDA:113,11,1,0
BRDA:113,11,2,0
BRDA:115,12,0,0
BRDA:115,12,1,0
BRDA:137,13,0,0
BRDA:137,13,1,0
BRDA:142,14,0,0
BRDA:142,14,1,0
BRDA:151,15,0,0
BRDA:151,15,1,0
BRDA:151,15,2,0
BRF:35
BRH:4
end_of_record
TN:
SF:src\services\products.services.js
FN:6,(anonymous_0)
FN:10,(anonymous_1)
FN:18,(anonymous_2)
FN:28,(anonymous_3)
FN:38,(anonymous_4)
FN:49,(anonymous_5)
FNF:6
FNH:1
FNDA:5,(anonymous_0)
FNDA:0,(anonymous_1)
FNDA:0,(anonymous_2)
FNDA:0,(anonymous_3)
FNDA:0,(anonymous_4)
FNDA:0,(anonymous_5)
DA:7,5
DA:10,5
DA:11,0
DA:12,0
DA:14,0
DA:18,5
DA:19,0
DA:20,0
DA:21,0
DA:22,0
DA:24,0
DA:28,5
DA:29,0
DA:30,0
DA:31,0
DA:32,0
DA:34,0
DA:38,5
DA:39,0
DA:40,0
DA:41,0
DA:42,0
DA:43,0
DA:45,0
DA:49,5
DA:50,0
DA:51,0
DA:52,0
DA:53,0
DA:54,0
DA:56,0
DA:61,5
LF:32
LH:7
BRDA:21,0,0,0
BRDA:21,0,1,0
BRDA:31,1,0,0
BRDA:31,1,1,0
BRDA:41,2,0,0
BRDA:41,2,1,0
BRDA:52,3,0,0
BRDA:52,3,1,0
BRF:8
BRH:0
end_of_record
TN:
SF:src\services\ticket.services.js
FN:9,(anonymous_0)
FN:13,(anonymous_1)
FNF:2
FNH:1
FNDA:5,(anonymous_0)
FNDA:0,(anonymous_1)
DA:10,5
DA:13,5
DA:14,0
DA:15,0
DA:17,0
DA:18,0
DA:19,0
DA:22,0
DA:23,0
DA:26,0
DA:27,0
DA:28,0
DA:30,0
DA:31,0
DA:34,0
DA:45,0
DA:54,0
DA:57,0
DA:62,0
DA:66,5
LF:20
LH:3
BRDA:14,0,0,0
BRDA:14,0,1,0
BRDA:15,1,0,0
BRDA:15,1,1,0
BRDA:18,2,0,0
BRDA:18,2,1,0
BRDA:18,3,0,0
BRDA:18,3,1,0
BRDA:28,4,0,0
BRDA:28,4,1,0
BRDA:30,5,0,0
BRDA:30,5,1,0
BRDA:36,6,0,0
BRDA:36,6,1,0
BRDA:37,7,0,0
BRDA:37,7,1,0
BRDA:40,8,0,0
BRDA:40,8,1,0
BRDA:59,9,0,0
BRDA:59,9,1,0
BRF:20
BRH:0
end_of_record
TN:
SF:src\services\user.services.js
FN:12,(anonymous_0)
FN:17,(anonymous_1)
FN:25,(anonymous_2)
FN:43,(anonymous_3)
FN:48,(anonymous_4)
FN:55,(anonymous_5)
FN:59,(anonymous_6)
FN:63,(anonymous_7)
FN:71,(anonymous_8)
FN:77,(anonymous_9)
FN:79,(anonymous_10)
FN:96,(anonymous_11)
FN:101,(anonymous_12)
FN:114,(anonymous_13)
FN:129,(anonymous_14)
FNF:15
FNH:1
FNDA:5,(anonymous_0)
FNDA:0,(anonymous_1)
FNDA:0,(anonymous_2)
FNDA:0,(anonymous_3)
FNDA:0,(anonymous_4)
FNDA:0,(anonymous_5)
FNDA:0,(anonymous_6)
FNDA:0,(anonymous_7)
FNDA:0,(anonymous_8)
FNDA:0,(anonymous_9)
FNDA:0,(anonymous_10)
FNDA:0,(anonymous_11)
FNDA:0,(anonymous_12)
FNDA:0,(anonymous_13)
FNDA:0,(anonymous_14)
DA:13,5
DA:17,5
DA:18,0
DA:19,0
DA:25,5
DA:26,0
DA:27,0
DA:29,0
DA:30,0
DA:33,0
DA:34,0
DA:36,0
DA:37,0
DA:38,0
DA:40,0
DA:43,5
DA:44,0
DA:45,0
DA:46,0
DA:47,0
DA:48,0
DA:49,0
DA:51,0
DA:55,5
DA:56,0
DA:57,0
DA:58,0
DA:59,0
DA:60,0
DA:61,0
DA:63,0
DA:64,0
DA:65,0
DA:67,0
DA:71,5
DA:72,0
DA:73,0
DA:74,0
DA:77,5
DA:79,5
DA:80,0
DA:81,0
DA:82,0
DA:84,0
DA:86,0
DA:88,0
DA:95,0
DA:96,0
DA:98,0
DA:101,5
DA:102,0
DA:103,0
DA:105,0
DA:106,0
DA:108,0
DA:110,0
DA:114,5
DA:115,0
DA:116,0
DA:119,0
DA:122,0
DA:123,0
DA:125,0
DA:126,0
DA:129,5
DA:130,0
DA:131,0
DA:132,0
DA:133,0
DA:137,5
LF:70
LH:12
BRDA:20,0,0,0
BRDA:20,0,1,0
BRDA:29,1,0,0
BRDA:29,1,1,0
BRDA:29,2,0,0
BRDA:29,2,1,0
BRDA:34,3,0,0
BRDA:34,3,1,0
BRDA:36,4,0,0
BRDA:36,4,1,0
BRDA:47,5,0,0
BRDA:47,5,1,0
BRDA:48,6,0,0
BRDA:48,6,1,0
BRDA:58,7,0,0
BRDA:58,7,1,0
BRDA:59,8,0,0
BRDA:59,8,1,0
BRDA:60,9,0,0
BRDA:60,9,1,0
BRDA:61,10,0,0
BRDA:61,10,1,0
BRDA:61,11,0,0
BRDA:61,11,1,0
BRDA:82,12,0,0
BRDA:82,12,1,0
BRDA:86,13,0,0
BRDA:86,13,1,0
BRDA:91,14,0,0
BRDA:91,14,1,0
BRDA:91,15,0,0
BRDA:91,15,1,0
BRDA:103,16,0,0
BRDA:103,16,1,0
BRDA:106,17,0,0
BRDA:106,17,1,0
BRDA:116,18,0,0
BRDA:116,18,1,0
BRDA:123,19,0,0
BRDA:123,19,1,0
BRDA:131,20,0,0
BRDA:131,20,1,0
BRDA:132,21,0,0
BRDA:132,21,1,0
BRF:44
BRH:0
end_of_record
TN:
SF:src\utils\2fa.util.js
FN:8,generate2FASecret
FN:17,generate2FAQrDataUrl
FN:24,verify2FAToken
FNF:3
FNH:0
FNDA:0,generate2FASecret
FNDA:0,generate2FAQrDataUrl
FNDA:0,verify2FAToken
DA:9,0
DA:10,0
DA:11,0
DA:18,0
DA:25,0
LF:5
LH:0
BRF:0
BRH:0
end_of_record
TN:
SF:src\utils\csv.util.js
FN:2,toCSV
FN:5,(anonymous_1)
FN:15,(anonymous_2)
FN:15,(anonymous_3)
FNF:4
FNH:0
FNDA:0,toCSV
FNDA:0,(anonymous_1)
FNDA:0,(anonymous_2)
FNDA:0,(anonymous_3)
DA:3,0
DA:4,0
DA:5,0
DA:6,0
DA:7,0
DA:9,0
DA:10,0
DA:12,0
DA:14,0
DA:15,0
DA:16,0
LF:11
LH:0
BRDA:2,0,0,0
BRDA:3,1,0,0
BRDA:3,1,1,0
BRDA:6,2,0,0
BRDA:6,2,1,0
BRDA:9,3,0,0
BRDA:9,3,1,0
BRDA:9,4,0,0
BRDA:9,4,1,0
BRDA:9,4,2,0
BRF:10
BRH:0
end_of_record
TN:
SF:src\utils\error.custom.js
FN:2,(anonymous_0)
FNF:1
FNH:0
FNDA:0,(anonymous_0)
DA:3,0
DA:4,0
LF:2
LH:0
BRF:0
BRH:0
end_of_record
TN:
SF:src\utils\pdf.util.js
FN:8,buildPdfStream
FN:32,(anonymous_1)
FNF:2
FNH:0
FNDA:0,buildPdfStream
FNDA:0,(anonymous_1)
DA:10,0
DA:12,0
DA:14,0
DA:17,0
DA:18,0
DA:20,0
DA:22,0
DA:23,0
DA:26,0
DA:27,0
DA:28,0
DA:29,0
DA:31,0
DA:32,0
DA:35,0
DA:36,0
LF:16
LH:0
BRDA:8,0,0,0
BRDA:8,1,0,0
BRDA:8,2,0,0
BRDA:32,3,0,0
BRDA:32,3,1,0
BRF:5
BRH:0
end_of_record
TN:
SF:src\utils\redis.js
FN:19,(anonymous_0)
FN:23,(anonymous_1)
FN:24,(anonymous_2)
FN:25,(anonymous_3)
FN:26,(anonymous_4)
FN:39,(anonymous_5)
FN:50,(anonymous_6)
FN:60,(anonymous_7)
FN:70,(anonymous_8)
FNF:9
FNH:0
FNDA:0,(anonymous_0)
FNDA:0,(anonymous_1)
FNDA:0,(anonymous_2)
FNDA:0,(anonymous_3)
FNDA:0,(anonymous_4)
FNDA:0,(anonymous_5)
FNDA:0,(anonymous_6)
FNDA:0,(anonymous_7)
FNDA:0,(anonymous_8)
DA:6,0
DA:13,0
DA:19,0
DA:20,0
DA:21,0
DA:23,0
DA:24,0
DA:25,0
DA:26,0
DA:28,0
DA:29,0
DA:30,0
DA:32,0
DA:35,0
DA:39,0
DA:40,0
DA:41,0
DA:42,0
DA:43,0
DA:45,0
DA:46,0
DA:50,0
DA:51,0
DA:52,0
DA:53,0
DA:54,0
DA:56,0
DA:60,0
DA:61,0
DA:62,0
DA:63,0
DA:64,0
DA:66,0
DA:70,0
DA:71,0
DA:72,0
DA:73,0
DA:74,0
DA:76,0
LF:39
LH:0
BRDA:6,0,0,0
BRDA:6,0,1,0
BRDA:6,1,0,0
BRDA:6,1,1,0
BRDA:8,2,0,0
BRDA:8,2,1,0
BRDA:13,3,0,0
BRDA:13,3,1,0
BRDA:13,4,0,0
BRDA:13,4,1,0
BRDA:20,5,0,0
BRDA:20,5,1,0
BRDA:43,6,0,0
BRDA:43,6,1,0
BRDA:50,7,0,0
BRF:15
BRH:0
end_of_record
TN:
SF:src\utils\template.js
FNF:0
FNH:0
DA:1,0
LF:1
LH:0
BRF:0
BRH:0
end_of_record
TN:
SF:src\utils\tokens.js
FN:4,(anonymous_0)
FN:8,(anonymous_1)
FNF:2
FNH:0
FNDA:0,(anonymous_0)
FNDA:0,(anonymous_1)
DA:4,5
DA:5,0
DA:8,5
DA:9,0
LF:4
LH:2
BRDA:4,0,0,0
BRF:1
BRH:0
end_of_record
TN:
SF:src\utils\user.utils.js
FN:15,(anonymous_0)
FN:23,(anonymous_1)
FN:31,(anonymous_2)
FNF:3
FNH:1
FNDA:0,(anonymous_0)
FNDA:0,(anonymous_1)
FNDA:1,(anonymous_2)
DA:6,5
DA:9,5
DA:15,5
DA:16,0
DA:17,0
DA:23,5
DA:24,0
DA:31,5
DA:32,1
LF:9
LH:6
BRDA:6,0,0,5
BRDA:6,0,1,0
BRDA:9,1,0,5
BRDA:9,1,1,0
BRDA:24,2,0,0
BRDA:24,2,1,0
BRF:6
BRH:2
end_of_record
TN:
SF:src\utils\xss.util.js
FN:14,sanitizeValue
FN:21,deepSanitize
FN:32,xss
FN:33,(anonymous_3)
FNF:4
FNH:4
FNDA:103,sanitizeValue
FNDA:247,deepSanitize
FNDA:5,xss
FNDA:48,(anonymous_3)
DA:6,5
DA:8,5
DA:9,0
DA:10,0
DA:15,103
DA:16,0
DA:18,103
DA:22,247
DA:23,247
DA:24,144
DA:25,144
DA:26,144
DA:28,103
DA:33,5
DA:34,48
DA:35,48
DA:36,48
DA:37,48
LF:18
LH:15
BRDA:8,0,0,0
BRDA:8,0,1,5
BRDA:8,1,0,5
BRDA:8,1,1,0
BRDA:15,2,0,0
BRDA:15,2,1,103
BRDA:15,3,0,103
BRDA:15,3,1,95
BRDA:22,4,0,0
BRDA:22,4,1,247
BRDA:23,5,0,144
BRDA:23,5,1,103
BRDA:23,6,0,247
BRDA:23,6,1,247
BRDA:34,7,0,48
BRDA:34,7,1,0
BRDA:35,8,0,48
BRDA:35,8,1,0
BRDA:36,9,0,48
BRDA:36,9,1,0
BRF:20
BRH:13
end_of_record
